<?xml version="1.0" encoding="UTF-8"?>
<!-- Generated by org.testng.reporters.JUnitReportReporter -->
<testsuite name="com.ttn.doTrips.test.SampleTest" tests="2" time="39.503" ignored="0" failures="0" timestamp="06 May 2017 19:03:09 GMT" skipped="0" hostname="keshav-kashyap" errors="0">
  <testcase name="teknosa_test2" time="17.386" classname="com.ttn.doTrips.test.SampleTest"/>
  <testcase name="teknosa_test1" time="22.117" classname="com.ttn.doTrips.test.SampleTest"/>
</testsuite> <!-- com.ttn.doTrips.test.SampleTest -->
