<?xml version="1.0" encoding="UTF-8"?>
<!-- Generated by org.testng.reporters.JUnitReportReporter -->
<testsuite name="com.ttn.LinkedIn.test.SampleTest" tests="1" time="21.740" ignored="0" failures="0" timestamp="06 May 2017 15:51:32 GMT" skipped="0" hostname="keshav-kashyap" errors="0">
  <testcase name="teknosa_test1" time="21.740" classname="com.ttn.LinkedIn.test.SampleTest"/>
</testsuite> <!-- com.ttn.LinkedIn.test.SampleTest -->
